#
# There is insufficient memory for the Java Runtime Environment to continue.
# Native memory allocation (mmap) failed to map 264241152 bytes for G1 virtual space
# Possible reasons:
#   The system is out of physical RAM or swap space
#   The process is running with CompressedOops enabled, and the Java Heap may be blocking the growth of the native heap
# Possible solutions:
#   Reduce memory load on the system
#   Increase physical memory or swap space
#   Check if swap backing store is full
#   Decrease Java heap size (-Xmx/-Xms)
#   Decrease number of Java threads
#   Decrease Java thread stack sizes (-Xss)
#   Set larger code cache with -XX:ReservedCodeCacheSize=
#   JVM is running with Zero Based Compressed Oops mode in which the Java heap is
#     placed in the first 32GB address space. The Java Heap base address is the
#     maximum limit for the native heap growth. Please use -XX:HeapBaseMinAddress
#     to set the Java Heap base and to place the Java Heap above 32GB virtual address.
# This output file may be truncated or incomplete.
#
#  Out of Memory Error (os_windows.cpp:3530), pid=18344, tid=8536
#
# JRE version:  (18.0.1.1+2) (build )
# Java VM: Java HotSpot(TM) 64-Bit Server VM (18.0.1.1+2-6, mixed mode, sharing, tiered, compressed oops, compressed class ptrs, g1 gc, windows-amd64)
# No core dump will be written. Minidumps are not enabled by default on client versions of Windows
#

---------------  S U M M A R Y ------------

Command Line: org.jetbrains.kotlin.cli.jvm.K2JVMCompiler @D:\Hansung\capstone\app\build\20230301_11505677605809854975.compiler.options

Host: 11th Gen Intel(R) Core(TM) i5-1155G7 @ 2.50GHz, 8 cores, 15G,  Windows 11 , 64 bit Build 22621 (10.0.22621.1105)
Time: Wed Mar  1 17:37:05 2023  Windows 11 , 64 bit Build 22621 (10.0.22621.1105) elapsed time: 0.009345 seconds (0d 0h 0m 0s)

---------------  T H R E A D  ---------------

Current thread (0x000002181abb0050):  JavaThread "Unknown thread" [_thread_in_vm, id=8536, stack(0x0000003c0d400000,0x0000003c0d500000)]

Stack: [0x0000003c0d400000,0x0000003c0d500000]
Native frames: (J=compiled Java code, j=interpreted, Vv=VM code, C=native code)
V  [jvm.dll+0x69887a]
V  [jvm.dll+0x7f38bd]
V  [jvm.dll+0x7f51ce]
V  [jvm.dll+0x7f5883]
V  [jvm.dll+0x25ca3f]
V  [jvm.dll+0x6957c9]
V  [jvm.dll+0x68a2fa]
V  [jvm.dll+0x321efb]
V  [jvm.dll+0x3298d6]
V  [jvm.dll+0x37e47e]
V  [jvm.dll+0x37e6af]
V  [jvm.dll+0x2f9c7a]
V  [jvm.dll+0x2facdd]
V  [jvm.dll+0x7c24f0]
V  [jvm.dll+0x38b801]
V  [jvm.dll+0x7a1203]
V  [jvm.dll+0x40d6bf]
V  [jvm.dll+0x40f091]
C  [jli.dll+0x526b]
C  [ucrtbase.dll+0x29363]
C  [KERNEL32.DLL+0x126bd]
C  [ntdll.dll+0x5dfb8]


---------------  P R O C E S S  ---------------

Threads class SMR info:
_java_thread_list=0x00007ffc7662d550, length=0, elements={
}

Java Threads: ( => current thread )

Other Threads:
  0x000002181ac20180 WorkerThread "GC Thread#0" [stack: 0x0000003c0d500000,0x0000003c0d600000] [id=14808]
  0x000002181ac30b30 ConcurrentGCThread "G1 Main Marker" [stack: 0x0000003c0d600000,0x0000003c0d700000] [id=12780]
  0x000002181ac31420 WorkerThread "G1 Conc#0" [stack: 0x0000003c0d700000,0x0000003c0d800000] [id=2940]

[error occurred during error reporting (printing all threads), id 0xc0000005, EXCEPTION_ACCESS_VIOLATION (0xc0000005) at pc=0x00007ffc75e5a217]

VM state: not at safepoint (not fully initialized)

VM Mutex/Monitor currently owned by a thread:  ([mutex/lock_event])
[0x000002181abaaaa0] Heap_lock - owner thread: 0x000002181abb0050

Heap address: 0x0000000704800000, size: 4024 MB, Compressed Oops mode: Zero based, Oop shift amount: 3

CDS archive(s) mapped at: [0x0000000000000000-0x0000000000000000-0x0000000000000000), size 0, SharedBaseAddress: 0x0000000800000000, ArchiveRelocationMode: 0.
Narrow klass base: 0x0000000000000000, Narrow klass shift: 0, Narrow klass range: 0x0

GC Precious Log:
 CardTable entry size: 512
 Card Set container configuration: InlinePtr #cards 4 size 8 Array Of Cards #cards 16 size 48 Howl #buckets 8 coarsen threshold 3686 Howl Bitmap #cards 512 size 80 coarsen threshold 460 Card regions per heap region 1 cards per card region 4096

Heap:
 garbage-first heap   total 0K, used 0K [0x0000000704800000, 0x0000000800000000)
  region size 2048K, 0 young (0K), 0 survivors (0K)

[error occurred during error reporting (printing heap information), id 0xc0000005, EXCEPTION_ACCESS_VIOLATION (0xc0000005) at pc=0x00007ffc76240cb9]

GC Heap History (0 events):
No events

Deoptimization events (0 events):
No events

Classes loaded (0 events):
No events

Classes unloaded (0 events):
No events

Classes redefined (0 events):
No events

Internal exceptions (0 events):
No events

VM Operations (0 events):
No events

Events (1 events):
Event: 0.006 Loaded shared library C:\jdk-18.0.1.1\bin\java.dll


Dynamic libraries:
0x00007ff6d60c0000 - 0x00007ff6d60d0000 	C:\jdk-18.0.1.1\bin\java.exe
0x00007ffd28c30000 - 0x00007ffd28e44000 	C:\WINDOWS\SYSTEM32\ntdll.dll
0x00007ffd27ad0000 - 0x00007ffd27b93000 	C:\WINDOWS\System32\KERNEL32.DLL
0x00007ffd26320000 - 0x00007ffd266bd000 	C:\WINDOWS\System32\KERNELBASE.dll
0x00007ffd26740000 - 0x00007ffd26851000 	C:\WINDOWS\System32\ucrtbase.dll
0x00007ffd03d40000 - 0x00007ffd03d5a000 	C:\jdk-18.0.1.1\bin\VCRUNTIME140.dll
0x00007ffc89860000 - 0x00007ffc89878000 	C:\jdk-18.0.1.1\bin\jli.dll
0x00007ffd27f30000 - 0x00007ffd27fde000 	C:\WINDOWS\System32\ADVAPI32.dll
0x00007ffd27da0000 - 0x00007ffd27e47000 	C:\WINDOWS\System32\msvcrt.dll
0x00007ffd27490000 - 0x00007ffd27534000 	C:\WINDOWS\System32\sechost.dll
0x00007ffd28900000 - 0x00007ffd28a15000 	C:\WINDOWS\System32\RPCRT4.dll
0x00007ffd26c30000 - 0x00007ffd26ddd000 	C:\WINDOWS\System32\USER32.dll
0x00007ffd26050000 - 0x00007ffd26076000 	C:\WINDOWS\System32\win32u.dll
0x00007ffd288d0000 - 0x00007ffd288f9000 	C:\WINDOWS\System32\GDI32.dll
0x00007ffd26900000 - 0x00007ffd26a12000 	C:\WINDOWS\System32\gdi32full.dll
0x00007ffd177a0000 - 0x00007ffd17a2e000 	C:\WINDOWS\WinSxS\amd64_microsoft.windows.common-controls_6595b64144ccf1df_6.0.22621.608_none_a9444ca7c10bb01d\COMCTL32.dll
0x00007ffd26860000 - 0x00007ffd268fa000 	C:\WINDOWS\System32\msvcp_win.dll
0x00007ffd126b0000 - 0x00007ffd126ba000 	C:\WINDOWS\SYSTEM32\VERSION.dll
0x00007ffd27ce0000 - 0x00007ffd27d12000 	C:\WINDOWS\System32\IMM32.DLL
0x00007ffccfd00000 - 0x00007ffccfd0c000 	C:\jdk-18.0.1.1\bin\vcruntime140_1.dll
0x00007ffc860d0000 - 0x00007ffc8615d000 	C:\jdk-18.0.1.1\bin\msvcp140.dll
0x00007ffc75b50000 - 0x00007ffc76760000 	C:\jdk-18.0.1.1\bin\server\jvm.dll
0x00007ffd28a20000 - 0x00007ffd28a28000 	C:\WINDOWS\System32\PSAPI.DLL
0x00007ffd15110000 - 0x00007ffd15119000 	C:\WINDOWS\SYSTEM32\WSOCK32.dll
0x00007ffd23b40000 - 0x00007ffd23b74000 	C:\WINDOWS\SYSTEM32\WINMM.dll
0x00007ffd27c60000 - 0x00007ffd27cd1000 	C:\WINDOWS\System32\WS2_32.dll
0x00007ffd25190000 - 0x00007ffd251a8000 	C:\WINDOWS\SYSTEM32\kernel.appcore.dll
0x00007ffccdb80000 - 0x00007ffccdb8a000 	C:\jdk-18.0.1.1\bin\jimage.dll
0x00007ffd238e0000 - 0x00007ffd23b0e000 	C:\WINDOWS\SYSTEM32\DBGHELP.DLL
0x00007ffd27740000 - 0x00007ffd27aca000 	C:\WINDOWS\System32\combase.dll
0x00007ffd27e50000 - 0x00007ffd27f27000 	C:\WINDOWS\System32\OLEAUT32.dll
0x00007ffd238a0000 - 0x00007ffd238d2000 	C:\WINDOWS\SYSTEM32\dbgcore.DLL
0x00007ffd266c0000 - 0x00007ffd2673b000 	C:\WINDOWS\System32\bcryptPrimitives.dll
0x00007ffc860a0000 - 0x00007ffc860c5000 	C:\jdk-18.0.1.1\bin\java.dll

dbghelp: loaded successfully - version: 4.0.5 - missing functions: none
symbol engine: initialized successfully - sym options: 0x614 - pdb path: .;C:\jdk-18.0.1.1\bin;C:\WINDOWS\SYSTEM32;C:\WINDOWS\WinSxS\amd64_microsoft.windows.common-controls_6595b64144ccf1df_6.0.22621.608_none_a9444ca7c10bb01d;C:\jdk-18.0.1.1\bin\server

VM Arguments:
java_command: org.jetbrains.kotlin.cli.jvm.K2JVMCompiler @D:\Hansung\capstone\app\build\20230301_11505677605809854975.compiler.options
java_class_path (initial): C:\Users\cabin\.gradle\caches\modules-2\files-2.1\org.jetbrains.kotlin\kotlin-compiler-embeddable\1.7.10\909803167c98606fcf22b4c848647c68e351d48d\kotlin-compiler-embeddable-1.7.10.jar;C:\Users\cabin\.gradle\caches\modules-2\files-2.1\org.jetbrains.kotlin\kotlin-reflect\1.7.10\165e600dfea6185cf5efa700756294cc4904dbeb\kotlin-reflect-1.7.10.jar;C:\Users\cabin\.gradle\caches\modules-2\files-2.1\org.jetbrains.kotlin\kotlin-stdlib\1.7.10\d2abf9e77736acc4450dc4a3f707fa2c10f5099d\kotlin-stdlib-1.7.10.jar;C:\Users\cabin\.gradle\caches\modules-2\files-2.1\org.jetbrains.kotlin\kotlin-script-runtime\1.7.10\c99c87a6988d8fd8d5142e9ed5c9f34a7cf561ee\kotlin-script-runtime-1.7.10.jar;C:\Users\cabin\.gradle\caches\modules-2\files-2.1\org.jetbrains.kotlin\kotlin-daemon-embeddable\1.7.10\3a9f7aef7080d3ae63126cbba4f827ed664f32fa\kotlin-daemon-embeddable-1.7.10.jar;C:\Users\cabin\.gradle\caches\modules-2\files-2.1\org.jetbrains.intellij.deps\trove4j\1.0.20200330\3afb14d5f9ceb459d724e907a21145e8ff394f02\trove4j-1.0.20200330.jar;C:\Users\cabin\.gradle\caches\modules-2\files-2.1\net.java.dev.jna\jna\5.6.0\330f2244e9030119ab3030fc3fededc86713d9cc\jna-5.6.0.jar;C:\Users\cabin\.gradle\caches\modules-2\files-2.1\org.jetbrains.kotlin\kotlin-stdlib-common\1.7.10\bac80c520d0a9e3f3673bc2658c6ed02ef45a76a\kotlin-stdlib-common-1.7.10.jar;C:\Users\cabin\.gradle\caches\modules-2\files-2.1\org.jetbrains\annotations\13.0\919f0dfe192fb4e063e7dacadee7f8bb9a2672a9\annotations-13.0.jar
Launcher Type: SUN_STANDARD

[Global flags]
     intx CICompilerCount                          = 4                                         {product} {ergonomic}
     uint ConcGCThreads                            = 2                                         {product} {ergonomic}
     uint G1ConcRefinementThreads                  = 8                                         {product} {ergonomic}
   size_t G1HeapRegionSize                         = 2097152                                   {product} {ergonomic}
    uintx GCDrainStackTargetSize                   = 64                                        {product} {ergonomic}
   size_t InitialHeapSize                          = 264241152                                 {product} {ergonomic}
   size_t MarkStackSize                            = 4194304                                   {product} {ergonomic}
   size_t MaxHeapSize                              = 4219469824                                {product} {ergonomic}
   size_t MinHeapDeltaBytes                        = 2097152                                   {product} {ergonomic}
   size_t MinHeapSize                              = 8388608                                   {product} {ergonomic}
    uintx NonNMethodCodeHeapSize                   = 5839372                                {pd product} {ergonomic}
    uintx NonProfiledCodeHeapSize                  = 122909434                              {pd product} {ergonomic}
    uintx ProfiledCodeHeapSize                     = 122909434                              {pd product} {ergonomic}
    uintx ReservedCodeCacheSize                    = 251658240                              {pd product} {ergonomic}
     bool SegmentedCodeCache                       = true                                      {product} {ergonomic}
   size_t SoftMaxHeapSize                          = 4219469824                             {manageable} {ergonomic}
     bool UseCompressedClassPointers               = true                           {product lp64_product} {ergonomic}
     bool UseCompressedOops                        = true                           {product lp64_product} {ergonomic}
     bool UseG1GC                                  = true                                      {product} {ergonomic}
     bool UseLargePagesIndividualAllocation        = false                                  {pd product} {ergonomic}

Logging:
Log output configuration:
 #0: stdout all=warning uptime,level,tags foldmultilines=false
 #1: stderr all=off uptime,level,tags foldmultilines=false

Environment Variables:
JAVA_HOME=C:\jdk-18.0.1.1
PATH=C:\bin\;C:\WINDOWS\system32;C:\WINDOWS;C:\WINDOWS\System32\Wbem;C:\WINDOWS\System32\WindowsPowerShell\v1.0\;C:\WINDOWS\System32\OpenSSH\;C:\jdk-18.0.1.1\bin;C:\;C:\Git\cmd;C:\MySQL\MySQL Server 8.0\bin;C:\xampp\mysql\bin;C:\Program Files\Microsoft SQL Server\150\Tools\Binn\;C:\Program Files\Microsoft SQL Server\130\Tools\Binn\;C:\Users\cabin\AppData\Local\Programs\Python\Python310\Scripts\;C:\Users\cabin\AppData\Local\Programs\Python\Python310\;C:\Users\cabin\AppData\Local\Microsoft\WindowsApps;C:\Microsoft VS Code\bin;C:\Users\cabin\AppData\Roaming\npm;C:\IntelliJ IDEA Community Edition 2022.1.3\bin;;C:\IntelliJ IDEA 2022.1.3\bin;;C:\Users\cabin\AppData\Local\GitHubDesktop\bin;C:\Program Files\MySQL\MySQL Server 8.0\bin;D:\flutter\bin;C:\Program Files (x86)\Brackets\;
USERNAME=cabin
OS=Windows_NT
PROCESSOR_IDENTIFIER=Intel64 Family 6 Model 140 Stepping 2, GenuineIntel



---------------  S Y S T E M  ---------------

OS:
 Windows 11 , 64 bit Build 22621 (10.0.22621.1105)
OS uptime: 2 days 0:26 hours

CPU: total 8 (initial active 8) (4 cores per cpu, 2 threads per core) family 6 model 140 stepping 2 microcode 0x16, cx8, cmov, fxsr, ht, mmx, 3dnowpref, sse, sse2, sse3, ssse3, sse4.1, sse4.2, popcnt, lzcnt, tsc, tscinvbit, avx, avx2, aes, erms, clmul, bmi1, bmi2, adx, avx512f, avx512dq, avx512cd, avx512bw, avx512vl, sha, fma, vzeroupper, avx512_vpopcntdq, avx512_vpclmulqdq, avx512_vaes, avx512_vnni, clflush, clflushopt, clwb, avx512_vbmi2, avx512_vbmi

Memory: 4k page, system-wide physical 16092M (802M free)
TotalPageFile size 65244M (AvailPageFile size 47M)
current process WorkingSet (physical memory assigned to process): 11M, peak: 11M
current process commit charge ("private bytes"): 60M, peak: 312M

vm_info: Java HotSpot(TM) 64-Bit Server VM (18.0.1.1+2-6) for windows-amd64 JRE (18.0.1.1+2-6), built on Apr 25 2022 21:53:15 by "mach5one" with MS VC++ 16.8 / 16.9 (VS2019)

END.
